<?xml version="1.0" encoding="UTF-8"?>
<testsuite name="com.exercise.basic.numerals.Exercise01Test" tests="1" skipped="0" failures="0" errors="0" timestamp="2023-02-22T08:20:46" hostname="hnguyenkhanh.openwtdev" time="0.011">
  <properties/>
  <testcase name="findLeastCommonMultiple()" classname="com.exercise.basic.numerals.Exercise01Test" time="0.011"/>
  <system-out><![CDATA[]]></system-out>
  <system-err><![CDATA[]]></system-err>
</testsuite>
